c:\users\k_vh\source\repos\abadis\asteroidbasedisastersim\abadis\x64\debug\vc141.pdb
c:\users\k_vh\source\repos\abadis\asteroidbasedisastersim\abadis\x64\debug\vc141.idb
c:\users\k_vh\source\repos\abadis\asteroidbasedisastersim\abadis\x64\debug\abadis.obj
c:\users\k_vh\source\repos\abadis\asteroidbasedisastersim\abadis\x64\debug\abadis.pch
c:\users\k_vh\source\repos\abadis\asteroidbasedisastersim\abadis\x64\debug\stdafx.obj
c:\users\k_vh\source\repos\abadis\asteroidbasedisastersim\abadis\x64\debug\weapon.obj
c:\users\k_vh\source\repos\abadis\asteroidbasedisastersim\abadis\x64\debug\squad.obj
c:\users\k_vh\source\repos\abadis\asteroidbasedisastersim\abadis\x64\debug\sectroop.obj
c:\users\k_vh\source\repos\abadis\asteroidbasedisastersim\abadis\x64\debug\secofficer.obj
c:\users\k_vh\source\repos\abadis\asteroidbasedisastersim\abadis\x64\debug\room.obj
c:\users\k_vh\source\repos\abadis\asteroidbasedisastersim\abadis\x64\debug\namegenerator.obj
c:\users\k_vh\source\repos\abadis\asteroidbasedisastersim\abadis\x64\debug\mobleader.obj
c:\users\k_vh\source\repos\abadis\asteroidbasedisastersim\abadis\x64\debug\mobgoon.obj
c:\users\k_vh\source\repos\abadis\asteroidbasedisastersim\abadis\x64\debug\leader.obj
c:\users\k_vh\source\repos\abadis\asteroidbasedisastersim\abadis\x64\debug\basesystem.obj
c:\users\k_vh\source\repos\abadis\asteroidbasedisastersim\x64\debug\abadis.exe
c:\users\k_vh\source\repos\abadis\asteroidbasedisastersim\x64\debug\abadis.ilk
c:\users\k_vh\source\repos\abadis\asteroidbasedisastersim\x64\debug\abadis.pdb
c:\users\k_vh\source\repos\abadis\asteroidbasedisastersim\abadis\x64\debug\being.obj
c:\users\k_vh\source\repos\abadis\asteroidbasedisastersim\abadis\x64\debug\abadis.tlog\cl.command.1.tlog
c:\users\k_vh\source\repos\abadis\asteroidbasedisastersim\abadis\x64\debug\abadis.tlog\cl.read.1.tlog
c:\users\k_vh\source\repos\abadis\asteroidbasedisastersim\abadis\x64\debug\abadis.tlog\cl.write.1.tlog
c:\users\k_vh\source\repos\abadis\asteroidbasedisastersim\abadis\x64\debug\abadis.tlog\link.command.1.tlog
c:\users\k_vh\source\repos\abadis\asteroidbasedisastersim\abadis\x64\debug\abadis.tlog\link.read.1.tlog
c:\users\k_vh\source\repos\abadis\asteroidbasedisastersim\abadis\x64\debug\abadis.tlog\link.write.1.tlog
