  stdafx.cpp
  ABaDiS.cpp
c:\users\k_vh\source\repos\abadis\asteroidbasedisastersim\abadis\abadis.cpp(8): warning C4244: 'argument': conversion from 'time_t' to 'unsigned int', possible loss of data
  BaseSystem.cpp
  Being.cpp
  Leader.cpp
  MobGoon.cpp
  MobLeader.cpp
  NameGenerator.cpp
  Room.cpp
  SecOfficer.cpp
  SecTroop.cpp
  Squad.cpp
  Weapon.cpp
c:\users\k_vh\source\repos\abadis\asteroidbasedisastersim\abadis\weapon.cpp(16): warning C4244: '=': conversion from 'float' to 'int', possible loss of data
c:\users\k_vh\source\repos\abadis\asteroidbasedisastersim\abadis\weapon.cpp(32): warning C4244: '=': conversion from 'float' to 'int', possible loss of data
c:\users\k_vh\source\repos\abadis\asteroidbasedisastersim\abadis\weapon.cpp(40): warning C4244: '=': conversion from 'float' to 'int', possible loss of data
c:\users\k_vh\source\repos\abadis\asteroidbasedisastersim\abadis\weapon.cpp(74): warning C4244: '=': conversion from 'float' to 'int', possible loss of data
c:\users\k_vh\source\repos\abadis\asteroidbasedisastersim\abadis\weapon.cpp(94): warning C4244: '=': conversion from 'float' to 'int', possible loss of data
c:\users\k_vh\source\repos\abadis\asteroidbasedisastersim\abadis\weapon.cpp(123): warning C4244: '=': conversion from 'float' to 'int', possible loss of data
  Generating Code...
c:\users\k_vh\source\repos\abadis\asteroidbasedisastersim\abadis\namegenerator.cpp(105): warning C4715: 'NameGenerator::weaponName': not all control paths return a value
c:\users\k_vh\source\repos\abadis\asteroidbasedisastersim\abadis\namegenerator.cpp(117): warning C4715: 'NameGenerator::randomRank': not all control paths return a value
  ABaDiS.vcxproj -> C:\Users\K_vH\source\repos\ABaDiS\Asteroidbasedisastersim\x64\Debug\ABaDiS.exe
